<?xml version="1.0" encoding="UTF-8"?>
<testng-results ignored="3" total="5" passed="2" failed="0" skipped="0">
  <reporter-output>
  </reporter-output>
  <suite started-at="2023-04-25T21:33:19 IST" name="Suite" finished-at="2023-04-25T21:33:19 IST" duration-ms="45">
    <groups>
      <group name="smoke">
        <method signature="LearnGroups.addToCart()[pri:0, instance:testNgBasic.LearnGroups@543588e6]" name="addToCart" class="testNgBasic.LearnGroups"/>
        <method signature="LearnGroups.signUp()[pri:0, instance:testNgBasic.LearnGroups@543588e6]" name="signUp" class="testNgBasic.LearnGroups"/>
      </group> <!-- smoke -->
      <group name="sanity">
        <method signature="LearnGroups.signUp()[pri:0, instance:testNgBasic.LearnGroups@543588e6]" name="signUp" class="testNgBasic.LearnGroups"/>
      </group> <!-- sanity -->
    </groups>
    <test started-at="2023-04-25T21:33:19 IST" name="Test" finished-at="2023-04-25T21:33:19 IST" duration-ms="45">
      <class name="testNgBasic.LearnGroups">
        <test-method signature="addToCart()[pri:0, instance:testNgBasic.LearnGroups@543588e6]" started-at="2023-04-25T21:33:19 IST" name="addToCart" finished-at="2023-04-25T21:33:19 IST" duration-ms="7" status="PASS">
          <reporter-output>
          </reporter-output>
        </test-method> <!-- addToCart -->
        <test-method signature="signUp()[pri:0, instance:testNgBasic.LearnGroups@543588e6]" started-at="2023-04-25T21:33:19 IST" name="signUp" finished-at="2023-04-25T21:33:19 IST" duration-ms="2" status="PASS">
          <reporter-output>
          </reporter-output>
        </test-method> <!-- signUp -->
      </class> <!-- testNgBasic.LearnGroups -->
    </test> <!-- Test -->
  </suite> <!-- Suite -->
</testng-results>
