<?xml version="1.0" encoding="UTF-8"?>
<!-- Generated by org.testng.reporters.JUnitXMLReporter -->
<testsuite ignored="3" hostname="LAPTOP-SLKCGN62" failures="0" tests="2" name="Test" time="0.045" errors="0" timestamp="2023-04-25T21:33:19 IST">
  <testcase classname="testNgBasic.LearnGroups" name="addToCart" time="0.007"/>
  <testcase classname="testNgBasic.LearnGroups" name="signUp" time="0.002"/>
  <testcase classname="testNgBasic.LearnGroups" name="login" time="0.0">
    <ignored/>
  </testcase> <!-- login -->
  <testcase classname="testNgBasic.LearnGroups" name="signOut" time="0.0">
    <ignored/>
  </testcase> <!-- signOut -->
  <testcase classname="testNgBasic.LearnGroups" name="searchProduct" time="0.0">
    <ignored/>
  </testcase> <!-- searchProduct -->
</testsuite> <!-- Test -->
